SF:lib\common\di\setup_locator.dart
DA:6,6
DA:8,0
DA:9,0
DA:10,0
DA:12,0
LF:5
LH:1
end_of_record
SF:lib\feat\imdb\repository\movies_api_repository.dart
DA:4,1
DA:8,1
DA:9,2
DA:11,1
LF:4
LH:4
end_of_record
SF:lib\feat\imdb\di\tmdb_injection.dart
DA:7,0
DA:8,0
DA:9,0
DA:11,0
LF:4
LH:0
end_of_record
SF:lib\common\factory\http_client.dart
DA:6,0
DA:7,0
LF:2
LH:0
end_of_record
SF:lib\common\repo\dio_adapter.dart
DA:9,0
DA:10,0
DA:11,0
DA:12,0
DA:16,0
DA:22,0
DA:26,0
LF:7
LH:0
end_of_record
SF:lib\common\interceptors\api_key_interceptor.dart
DA:4,0
DA:5,0
DA:6,0
DA:7,0
DA:8,0
DA:9,0
DA:11,0
DA:12,0
LF:8
LH:0
end_of_record
SF:lib\common\interceptors\logg_interceptor.dart
DA:3,0
DA:4,0
DA:5,0
DA:6,0
DA:7,0
DA:8,0
DA:9,0
DA:10,0
DA:12,0
DA:13,0
DA:14,0
DA:15,0
DA:17,0
DA:18,0
DA:19,0
DA:20,0
DA:21,0
LF:17
LH:0
end_of_record
SF:lib\common\observer\event_notify.dart
DA:6,1
DA:7,2
DA:9,2
DA:12,0
DA:13,0
DA:14,0
DA:21,1
DA:22,2
DA:23,1
DA:27,0
DA:28,0
DA:29,0
LF:12
LH:6
end_of_record
SF:lib\feat\imdb\data\movie.dart
DA:7,0
DA:9,1
DA:10,2
DA:11,1
DA:12,2
DA:13,3
DA:14,3
DA:17,2
DA:18,2
DA:21,0
DA:22,0
DA:23,0
DA:24,0
DA:25,0
DA:27,0
DA:28,0
DA:49,0
DA:65,1
DA:66,2
DA:67,2
DA:68,3
DA:69,2
DA:70,2
DA:71,2
DA:72,2
DA:73,2
DA:74,2
DA:75,2
DA:76,2
DA:77,2
DA:78,2
DA:79,2
DA:82,0
DA:83,0
DA:84,0
DA:85,0
DA:86,0
DA:87,0
DA:88,0
DA:89,0
DA:90,0
DA:91,0
DA:92,0
DA:93,0
DA:94,0
DA:95,0
DA:96,0
DA:97,0
LF:48
LH:23
end_of_record
SF:lib\feat\imdb\viewmodel\home_page_vm.dart
DA:8,1
DA:16,1
DA:17,1
DA:20,2
DA:21,2
DA:22,1
DA:24,1
LF:7
LH:7
end_of_record
