SF:lib\common\di\setup_locator.dart
DA:6,6
DA:8,0
DA:9,0
DA:10,0
DA:12,0
LF:5
LH:1
end_of_record
SF:lib\feat\imdb\repository\movies_api_repository.dart
DA:4,1
DA:8,1
DA:9,2
DA:11,1
LF:4
LH:4
end_of_record
SF:lib\feat\imdb\di\tmdb_injection.dart
DA:7,0
DA:8,0
DA:9,0
DA:11,0
LF:4
LH:0
end_of_record
SF:lib\common\factory\http_client.dart
DA:6,0
DA:7,0
LF:2
LH:0
end_of_record
SF:lib\common\repo\dio_adapter.dart
DA:9,0
DA:10,0
DA:11,0
DA:12,0
DA:16,0
DA:22,0
DA:26,0
LF:7
LH:0
end_of_record
SF:lib\common\interceptors\api_key_interceptor.dart
DA:4,0
DA:5,0
DA:6,0
DA:7,0
DA:8,0
DA:9,0
DA:11,0
DA:12,0
LF:8
LH:0
end_of_record
SF:lib\common\interceptors\logg_interceptor.dart
DA:3,0
DA:4,0
DA:5,0
DA:6,0
DA:7,0
DA:8,0
DA:9,0
DA:10,0
DA:12,0
DA:13,0
DA:14,0
DA:15,0
DA:17,0
DA:18,0
DA:19,0
DA:20,0
DA:21,0
LF:17
LH:0
end_of_record
SF:lib\common\observer\event_notify.dart
DA:6,1
DA:7,2
DA:9,2
DA:12,0
DA:13,0
DA:14,0
DA:21,1
DA:22,2
DA:23,1
DA:27,1
DA:28,2
DA:29,3
LF:12
LH:9
end_of_record
SF:lib\feat\imdb\viewmodel\home_page_vm.dart
DA:6,1
DA:14,1
DA:15,1
DA:17,2
DA:18,2
LF:5
LH:5
end_of_record
